<?xml version="1.0" encoding="utf-8"?><testsuites name="pytest tests"><testsuite name="pytest" errors="0" failures="0" skipped="0" tests="9" time="1.861" timestamp="2026-08-26T21:19:17.543582+00:00" hostname="agent-env-085f6439-4c01-442e-acd1-ddd0273123a8"><testcase classname="tests.backend_test.TestContact" name="test_submit_contact_success_and_emailed" time="0.687" /><testcase classname="tests.backend_test.TestHealth" name="test_root" time="0.354" /><testcase classname="tests.backend_test.TestHealth" name="test_status_create_and_list" time="0.188" /><testcase classname="tests.backend_test.TestContact" name="test_submit_contact_validation[payload0-empty name]" time="0.071" /><testcase classname="tests.backend_test.TestContact" name="test_submit_contact_validation[payload1-bad email]" time="0.073" /><testcase classname="tests.backend_test.TestContact" name="test_submit_contact_validation[payload2-empty message]" time="0.077" /><testcase classname="tests.backend_test.TestContact" name="test_submit_contact_validation[payload3-missing name]" time="0.077" /><testcase classname="tests.backend_test.TestContact" name="test_submit_contact_validation[payload4-name too long]" time="0.091" /><testcase classname="tests.backend_test.TestContact" name="test_contact_list_sorted_desc" time="0.083" /></testsuite></testsuites>